SF:lib/models/body_weight/weight_entry.g.dart
DA:9,2
DA:10,2
DA:14,2
DA:15,2
DA:16,4
DA:17,6
DA:21,4
DA:22,2
DA:23,4
DA:24,4
LF:10
LH:10
end_of_record
SF:lib/models/body_weight/weight_entry.dart
DA:35,3
DA:40,3
DA:43,3
DA:48,4
DA:49,4
LF:5
LH:5
end_of_record
SF:lib/exceptions/http_exception.dart
DA:27,2
DA:29,0
DA:32,3
DA:34,0
DA:37,2
DA:40,0
DA:42,0
LF:7
LH:3
end_of_record
SF:lib/helpers/consts.dart
DA:58,0
LF:1
LH:0
end_of_record
SF:lib/helpers/json.dart
DA:22,2
DA:23,2
DA:26,2
DA:31,2
DA:38,7
DA:42,14
DA:49,1
DA:51,1
DA:52,2
DA:59,1
DA:63,1
LF:11
LH:11
end_of_record
SF:lib/helpers/misc.dart
DA:26,4
DA:35,4
DA:38,8
DA:45,12
DA:46,2
DA:50,4
DA:51,4
DA:52,8
DA:53,8
DA:56,4
DA:57,4
DA:58,8
DA:61,4
DA:65,0
DA:66,0
DA:67,0
DA:69,0
DA:74,1
DA:75,3
DA:82,1
DA:83,3
DA:90,1
DA:91,4
DA:95,0
DA:96,0
DA:97,0
DA:98,0
DA:99,0
LF:28
LH:19
end_of_record
SF:lib/models/workouts/repetition_unit.dart
DA:31,7
DA:37,0
DA:38,0
LF:3
LH:1
end_of_record
SF:lib/models/workouts/repetition_unit.g.dart
DA:9,0
DA:10,0
DA:14,0
DA:15,0
DA:16,0
DA:20,0
DA:21,0
DA:22,0
LF:8
LH:0
end_of_record
SF:lib/models/workouts/weight_unit.dart
DA:31,7
DA:37,0
DA:38,0
LF:3
LH:1
end_of_record
SF:lib/models/workouts/weight_unit.g.dart
DA:9,0
DA:10,0
DA:14,0
DA:15,0
DA:16,0
DA:20,0
DA:21,0
DA:22,0
LF:8
LH:0
end_of_record
SF:lib/helpers/ui.dart
DA:29,2
DA:30,2
DA:31,4
DA:32,2
DA:34,2
DA:36,2
DA:37,3
DA:38,2
DA:39,1
DA:40,1
DA:41,3
DA:42,0
DA:43,0
DA:51,0
DA:52,0
DA:53,0
DA:54,0
DA:56,0
DA:57,0
DA:59,0
DA:62,0
DA:63,0
DA:65,0
DA:66,0
DA:69,0
DA:72,0
DA:74,0
DA:75,0
DA:76,0
DA:78,0
DA:80,0
DA:81,0
DA:82,0
DA:83,0
DA:84,0
DA:96,0
DA:98,0
DA:100,0
DA:101,0
DA:102,0
DA:103,0
DA:105,0
DA:106,0
DA:107,0
DA:108,0
DA:110,0
DA:111,0
DA:112,0
DA:113,0
DA:115,0
DA:116,0
DA:117,0
DA:121,0
DA:123,0
DA:124,0
DA:125,0
DA:126,0
LF:57
LH:11
end_of_record
SF:lib/models/exercises/exercise.dart
DA:66,8
DA:78,16
DA:79,16
DA:80,8
DA:81,8
DA:82,8
DA:84,8
DA:85,16
DA:89,1
DA:91,2
DA:92,1
DA:97,0
DA:98,0
DA:99,0
DA:103,0
DA:104,0
LF:16
LH:11
end_of_record
SF:lib/models/exercises/exercise.g.dart
DA:9,0
DA:10,0
DA:26,0
DA:27,0
DA:28,0
DA:29,0
DA:30,0
DA:31,0
DA:32,0
DA:33,0
DA:34,0
DA:35,0
DA:36,0
DA:37,0
DA:38,0
DA:39,0
DA:40,0
DA:41,0
DA:42,0
DA:43,0
DA:44,0
DA:45,0
DA:46,0
DA:47,0
DA:50,0
DA:51,0
DA:52,0
DA:53,0
DA:54,0
DA:55,0
DA:56,0
DA:57,0
DA:58,0
DA:59,0
DA:60,0
DA:61,0
LF:36
LH:0
end_of_record
SF:lib/models/workouts/log.dart
DA:71,1
DA:83,6
DA:86,0
DA:87,0
DA:89,6
DA:90,6
DA:91,12
DA:94,6
DA:95,6
DA:96,12
DA:99,6
DA:100,6
DA:101,12
DA:104,0
DA:105,0
DA:109,0
DA:110,0
DA:114,1
DA:115,7
DA:122,1
DA:125,1
DA:126,3
DA:127,3
DA:128,3
DA:129,3
DA:130,3
DA:131,3
DA:134,1
DA:136,7
DA:141,0
DA:143,0
LF:31
LH:23
end_of_record
SF:lib/models/workouts/log.g.dart
DA:9,0
DA:10,0
DA:23,0
DA:24,0
DA:25,0
DA:26,0
DA:27,0
DA:28,0
DA:29,0
DA:30,0
DA:31,0
DA:32,0
DA:36,0
DA:37,0
DA:38,0
DA:39,0
DA:40,0
DA:41,0
DA:42,0
DA:43,0
DA:44,0
DA:45,0
LF:22
LH:0
end_of_record
SF:lib/providers/workout_plans.dart
DA:56,3
DA:60,3
DA:62,1
DA:63,2
DA:66,1
DA:67,2
DA:71,0
DA:72,0
DA:73,0
DA:74,0
DA:75,0
DA:79,0
DA:80,0
DA:83,1
DA:84,2
DA:88,0
DA:89,0
DA:92,1
DA:93,5
DA:96,0
DA:97,0
DA:101,0
DA:102,0
DA:106,0
DA:107,0
DA:111,0
DA:112,0
DA:117,0
DA:118,0
DA:119,0
DA:129,0
DA:130,0
DA:132,0
DA:134,0
DA:135,0
DA:138,0
DA:143,0
DA:144,0
DA:145,0
DA:146,0
DA:147,0
DA:148,0
DA:151,0
DA:156,0
DA:157,0
DA:158,0
DA:160,0
DA:161,0
DA:162,0
DA:164,0
DA:169,1
DA:173,2
DA:174,2
DA:179,0
DA:180,0
DA:181,0
DA:185,0
DA:186,0
DA:187,0
DA:188,0
DA:191,0
DA:192,0
DA:193,0
DA:194,0
DA:196,0
DA:199,0
DA:200,0
DA:202,0
DA:203,0
DA:205,0
DA:206,0
DA:207,0
DA:209,0
DA:210,0
DA:212,0
DA:213,0
DA:216,0
DA:218,0
DA:219,0
DA:221,0
DA:222,0
DA:224,0
DA:231,0
DA:233,0
DA:234,0
DA:239,0
DA:241,0
DA:243,0
DA:244,0
DA:245,0
DA:246,0
DA:247,0
DA:249,0
DA:250,0
DA:254,0
DA:257,0
DA:262,0
DA:266,0
DA:267,0
DA:268,0
DA:269,0
DA:270,0
DA:274,0
DA:275,0
DA:276,0
DA:279,1
DA:280,5
DA:281,2
DA:282,2
DA:283,1
DA:285,2
DA:287,2
DA:288,0
DA:289,0
DA:290,0
DA:294,0
DA:295,0
DA:296,0
DA:298,0
DA:300,0
DA:307,0
DA:308,0
DA:309,0
DA:311,0
DA:312,0
DA:320,0
DA:321,0
DA:322,0
DA:324,0
DA:325,0
DA:332,0
DA:334,0
DA:335,0
DA:336,0
DA:337,0
DA:338,0
DA:339,0
DA:341,0
DA:342,0
DA:344,0
DA:350,0
DA:351,0
DA:354,0
DA:355,0
DA:356,0
DA:357,0
DA:358,0
DA:360,0
DA:361,0
DA:367,0
DA:371,0
DA:372,0
DA:373,0
DA:374,0
DA:375,0
DA:376,0
DA:380,0
DA:381,0
DA:382,0
DA:385,0
DA:386,0
DA:387,0
DA:388,0
DA:390,0
DA:396,0
DA:397,0
DA:398,0
DA:399,0
DA:403,0
DA:404,0
DA:405,0
DA:408,0
DA:409,0
DA:410,0
DA:411,0
DA:413,0
DA:417,0
DA:418,0
DA:420,0
DA:424,0
DA:425,0
DA:426,0
DA:428,0
DA:429,0
DA:431,0
DA:432,0
DA:434,0
DA:437,0
DA:438,0
DA:441,0
DA:442,0
DA:443,0
DA:445,0
DA:447,0
DA:451,0
DA:454,0
DA:455,0
DA:457,0
DA:458,0
DA:459,0
DA:462,0
DA:468,0
DA:469,0
DA:470,0
DA:471,0
DA:478,0
DA:479,0
DA:480,0
DA:485,0
DA:486,0
DA:487,0
DA:488,0
DA:495,0
DA:496,0
DA:497,0
DA:499,0
DA:500,0
DA:501,0
DA:502,0
DA:504,0
DA:505,0
DA:506,0
DA:515,0
DA:516,0
DA:517,0
DA:518,0
DA:520,0
LF:227
LH:20
end_of_record
SF:lib/models/exercises/category.dart
DA:31,13
DA:36,0
DA:38,0
DA:42,0
DA:43,0
LF:5
LH:1
end_of_record
SF:lib/models/exercises/category.g.dart
DA:9,0
DA:10,0
DA:14,0
DA:15,0
DA:16,0
DA:20,0
DA:21,0
DA:22,0
LF:8
LH:0
end_of_record
SF:lib/models/exercises/comment.dart
DA:31,0
DA:37,0
DA:38,0
LF:3
LH:0
end_of_record
SF:lib/models/exercises/comment.g.dart
DA:9,0
DA:10,0
DA:14,0
DA:15,0
DA:16,0
DA:20,0
DA:21,0
DA:22,0
LF:8
LH:0
end_of_record
SF:lib/models/exercises/equipment.dart
DA:31,13
DA:37,0
DA:38,0
LF:3
LH:1
end_of_record
SF:lib/models/exercises/equipment.g.dart
DA:9,0
DA:10,0
DA:14,0
DA:15,0
DA:16,0
DA:20,0
DA:21,0
DA:22,0
LF:8
LH:0
end_of_record
SF:lib/models/exercises/image.dart
DA:40,0
DA:49,0
DA:50,0
LF:3
LH:0
end_of_record
SF:lib/models/exercises/image.g.dart
DA:9,0
DA:10,0
DA:14,0
DA:15,0
DA:16,0
DA:17,0
DA:18,0
DA:19,0
DA:23,0
DA:24,0
DA:25,0
DA:26,0
DA:27,0
DA:28,0
LF:14
LH:0
end_of_record
SF:lib/models/exercises/muscle.dart
DA:34,13
DA:41,0
DA:42,0
LF:3
LH:1
end_of_record
SF:lib/models/exercises/muscle.g.dart
DA:9,0
DA:10,0
DA:14,0
DA:15,0
DA:16,0
DA:17,0
DA:21,0
DA:22,0
DA:23,0
DA:24,0
LF:10
LH:0
end_of_record
SF:lib/models/gallery/image.dart
DA:38,2
DA:45,1
DA:46,2
DA:47,1
DA:51,0
DA:52,0
LF:6
LH:4
end_of_record
SF:lib/models/gallery/image.g.dart
DA:9,0
DA:10,0
DA:14,0
DA:15,0
DA:16,0
DA:17,0
DA:18,0
DA:22,0
DA:23,0
DA:24,0
DA:25,0
DA:26,0
LF:12
LH:0
end_of_record
SF:lib/models/measurements/measurement_category.dart
DA:22,5
DA:29,2
DA:35,2
DA:36,1
DA:37,1
DA:38,1
DA:39,1
DA:43,2
DA:44,10
DA:45,4
DA:49,2
DA:50,2
DA:52,4
DA:54,2
DA:55,10
DA:59,2
LF:16
LH:16
end_of_record
SF:lib/models/measurements/measurement_category.g.dart
DA:9,2
DA:10,2
DA:14,2
DA:15,2
DA:16,2
DA:17,2
DA:18,2
DA:19,3
DA:20,1
DA:21,1
DA:25,4
DA:26,2
DA:27,2
DA:28,2
DA:29,4
LF:15
LH:15
end_of_record
SF:lib/models/measurements/measurement_entry.dart
DA:24,5
DA:32,2
DA:33,2
DA:34,1
DA:35,1
DA:36,0
DA:37,0
DA:38,0
DA:42,6
DA:44,4
DA:46,3
DA:47,18
LF:12
LH:9
end_of_record
SF:lib/models/measurements/measurement_entry.g.dart
DA:9,3
DA:10,3
DA:14,3
DA:15,3
DA:16,3
DA:17,6
DA:18,3
DA:19,3
DA:23,4
DA:24,2
DA:25,2
DA:26,4
DA:27,2
DA:28,2
LF:14
LH:14
end_of_record
SF:lib/models/nutrition/ingredient.dart
DA:67,4
DA:82,0
DA:83,0
LF:3
LH:1
end_of_record
SF:lib/models/nutrition/ingredient.g.dart
DA:9,0
DA:10,0
DA:26,0
DA:27,0
DA:28,0
DA:29,0
DA:30,0
DA:31,0
DA:32,0
DA:33,0
DA:34,0
DA:35,0
DA:36,0
DA:37,0
DA:41,0
DA:42,0
DA:43,0
DA:44,0
DA:45,0
DA:46,0
DA:47,0
DA:48,0
DA:49,0
DA:50,0
DA:51,0
DA:52,0
LF:26
LH:0
end_of_record
SF:lib/models/nutrition/ingredient_weight_unit.dart
DA:42,0
DA:51,0
DA:52,0
DA:53,0
LF:4
LH:0
end_of_record
SF:lib/models/nutrition/ingredient_weight_unit.g.dart
DA:9,0
DA:10,0
DA:14,0
DA:15,0
DA:16,0
DA:17,0
DA:18,0
DA:19,0
DA:23,0
DA:24,0
DA:25,0
DA:26,0
DA:27,0
DA:28,0
DA:29,0
LF:15
LH:0
end_of_record
SF:lib/models/nutrition/weight_unit.dart
DA:31,0
DA:37,0
DA:38,0
LF:3
LH:0
end_of_record
SF:lib/models/nutrition/weight_unit.g.dart
DA:9,0
DA:10,0
DA:14,0
DA:15,0
DA:16,0
DA:20,0
DA:21,0
DA:22,0
LF:8
LH:0
end_of_record
SF:lib/models/nutrition/log.dart
DA:59,0
DA:70,4
DA:71,8
DA:72,8
DA:73,8
DA:74,4
DA:75,8
DA:79,0
DA:80,0
DA:83,2
DA:85,2
DA:89,4
DA:91,10
DA:92,10
DA:93,10
DA:94,10
DA:95,10
DA:96,10
DA:97,10
DA:98,10
LF:20
LH:17
end_of_record
SF:lib/models/nutrition/log.g.dart
DA:9,0
DA:10,0
DA:14,0
DA:15,0
DA:16,0
DA:17,0
DA:18,0
DA:19,0
DA:20,0
DA:21,0
DA:22,0
DA:26,0
DA:27,0
DA:28,0
DA:29,0
DA:30,0
DA:31,0
DA:32,0
DA:33,0
DA:34,0
LF:20
LH:0
end_of_record
SF:lib/models/nutrition/meal_item.dart
DA:50,4
DA:58,0
DA:62,0
DA:65,0
DA:67,0
DA:70,3
DA:72,3
DA:75,3
DA:77,15
DA:78,15
DA:79,15
DA:80,15
DA:81,15
DA:82,15
DA:83,15
DA:84,15
LF:16
LH:12
end_of_record
SF:lib/models/nutrition/meal_item.g.dart
DA:9,0
DA:10,0
DA:14,0
DA:15,0
DA:16,0
DA:17,0
DA:18,0
DA:19,0
DA:23,0
DA:24,0
DA:25,0
DA:26,0
DA:27,0
DA:28,0
LF:14
LH:0
end_of_record
SF:lib/models/nutrition/nutritional_values.dart
DA:31,4
DA:33,4
DA:45,0
DA:46,0
DA:49,3
DA:50,9
DA:51,9
DA:52,9
DA:53,9
DA:54,9
DA:55,9
DA:56,9
DA:57,9
DA:60,4
DA:61,4
DA:62,12
DA:63,12
DA:64,12
DA:65,12
DA:66,12
DA:67,12
DA:68,12
DA:69,12
DA:73,2
DA:76,2
DA:77,6
DA:78,6
DA:79,6
DA:80,6
DA:81,6
DA:82,6
DA:83,6
DA:84,6
DA:87,0
DA:89,0
DA:92,0
DA:94,0
DA:95,0
DA:103,1
LF:39
LH:32
end_of_record
SF:lib/models/nutrition/meal.dart
DA:44,4
DA:52,4
DA:55,8
DA:57,5
DA:58,4
DA:62,0
DA:64,0
DA:67,3
DA:69,3
DA:71,6
DA:72,6
LF:11
LH:9
end_of_record
SF:lib/models/nutrition/meal.g.dart
DA:9,0
DA:10,0
DA:11,0
DA:12,0
DA:13,0
DA:15,0
DA:16,0
DA:17,0
DA:18,0
DA:19,0
LF:10
LH:0
end_of_record
SF:lib/models/nutrition/nutritional_plan.dart
DA:46,6
DA:53,12
DA:54,12
DA:57,3
DA:58,6
DA:59,3
DA:63,0
DA:64,0
DA:67,3
DA:69,3
DA:71,6
DA:72,6
DA:79,1
DA:80,1
DA:81,7
DA:82,2
DA:83,5
DA:85,7
DA:90,0
DA:91,0
DA:93,0
DA:94,0
DA:95,0
DA:96,0
DA:100,2
DA:101,2
DA:102,4
DA:103,14
DA:105,2
DA:106,4
DA:109,6
DA:116,1
DA:117,1
DA:118,4
DA:120,2
DA:124,1
DA:125,1
DA:126,2
DA:127,4
DA:128,7
DA:130,1
DA:131,1
DA:141,2
DA:142,2
DA:143,4
DA:144,4
DA:145,10
DA:147,2
DA:148,2
LF:49
LH:41
end_of_record
SF:lib/models/nutrition/nutritional_plan.g.dart
DA:9,0
DA:10,0
DA:14,0
DA:15,0
DA:16,0
DA:17,0
DA:21,0
DA:22,0
DA:23,0
DA:24,0
LF:10
LH:0
end_of_record
SF:lib/models/workouts/day.dart
DA:55,6
DA:56,12
DA:57,12
DA:60,0
DA:61,0
DA:64,0
DA:65,0
DA:68,1
DA:69,5
DA:73,2
DA:75,2
DA:76,6
DA:78,8
DA:82,0
DA:83,0
LF:15
LH:9
end_of_record
SF:lib/models/workouts/day.g.dart
DA:9,0
DA:10,0
DA:14,0
DA:15,0
DA:16,0
DA:17,0
DA:18,0
DA:21,0
DA:22,0
DA:23,0
DA:24,0
DA:25,0
LF:12
LH:0
end_of_record
SF:lib/models/workouts/set.dart
DA:58,0
DA:64,0
DA:66,6
DA:76,6
DA:77,6
DA:78,6
DA:79,12
DA:80,24
DA:81,12
DA:82,12
DA:84,6
DA:90,2
DA:91,2
DA:93,4
DA:94,2
DA:95,0
DA:98,2
DA:99,2
DA:105,6
DA:106,12
DA:107,18
DA:110,0
DA:111,0
DA:112,0
DA:116,3
DA:117,21
DA:121,3
DA:122,3
DA:124,3
DA:126,3
DA:127,0
DA:130,6
DA:131,12
DA:134,6
DA:135,0
DA:136,0
DA:144,1
DA:145,2
DA:149,0
DA:150,0
LF:40
LH:29
end_of_record
SF:lib/models/workouts/set.g.dart
DA:9,0
DA:10,0
DA:14,0
DA:15,0
DA:16,0
DA:17,0
DA:19,0
DA:20,0
DA:23,0
DA:24,0
DA:25,0
DA:26,0
DA:27,0
DA:28,0
LF:14
LH:0
end_of_record
SF:lib/models/workouts/session.dart
DA:50,0
DA:52,0
DA:62,0
DA:63,0
DA:64,0
DA:68,0
DA:69,0
DA:71,0
DA:72,0
LF:9
LH:0
end_of_record
SF:lib/models/workouts/session.g.dart
DA:9,0
DA:10,0
DA:14,0
DA:15,0
DA:16,0
DA:17,0
DA:18,0
DA:19,0
DA:20,0
DA:21,0
DA:24,0
DA:25,0
DA:26,0
DA:27,0
DA:28,0
DA:29,0
DA:30,0
DA:31,0
LF:18
LH:0
end_of_record
SF:lib/models/workouts/setting.dart
DA:76,6
DA:88,1
DA:91,0
DA:92,0
DA:94,6
DA:95,6
DA:96,12
DA:99,7
DA:100,7
DA:101,14
DA:104,7
DA:105,7
DA:106,14
DA:109,0
DA:110,0
DA:111,0
DA:113,0
DA:118,4
DA:119,24
LF:19
LH:13
end_of_record
SF:lib/models/workouts/setting.g.dart
DA:9,0
DA:10,0
DA:25,0
DA:26,0
DA:27,0
DA:28,0
DA:29,0
DA:30,0
DA:31,0
DA:32,0
DA:33,0
DA:34,0
DA:35,0
DA:38,0
DA:39,0
DA:40,0
DA:41,0
DA:42,0
DA:43,0
DA:44,0
DA:45,0
DA:46,0
DA:47,0
DA:48,0
LF:24
LH:0
end_of_record
SF:lib/models/workouts/workout_plan.dart
DA:46,8
DA:54,10
DA:55,10
DA:56,8
DA:59,3
DA:60,6
DA:61,3
DA:62,3
DA:66,0
DA:67,0
DA:75,2
DA:76,14
DA:79,2
DA:82,10
DA:88,0
DA:89,0
DA:90,0
DA:91,0
DA:92,0
DA:94,0
DA:95,0
DA:97,0
DA:101,0
DA:102,0
DA:105,0
LF:25
LH:12
end_of_record
SF:lib/models/workouts/workout_plan.g.dart
DA:9,0
DA:10,0
DA:14,0
DA:15,0
DA:16,0
DA:17,0
DA:18,0
DA:22,0
DA:23,0
DA:24,0
DA:25,0
DA:26,0
LF:12
LH:0
end_of_record
SF:lib/providers/auth.dart
DA:51,10
DA:52,10
DA:57,0
DA:58,0
DA:59,0
DA:67,0
DA:68,0
DA:72,0
DA:73,0
DA:74,0
DA:75,0
DA:79,0
DA:80,0
DA:81,0
DA:85,1
DA:86,2
DA:87,3
DA:91,0
DA:93,5
DA:94,1
DA:96,2
DA:97,1
DA:101,0
DA:108,0
DA:109,0
DA:110,0
DA:112,0
DA:113,0
DA:114,0
DA:116,0
DA:117,0
DA:119,0
DA:121,0
DA:123,0
DA:124,0
DA:127,0
DA:134,0
DA:135,0
DA:138,0
DA:139,0
DA:140,0
DA:142,0
DA:144,0
DA:146,0
DA:148,0
DA:149,0
DA:153,0
DA:154,0
DA:156,0
DA:159,0
DA:160,0
DA:161,0
DA:162,0
DA:164,0
DA:165,0
DA:168,0
DA:169,0
DA:170,0
DA:171,0
DA:178,0
DA:179,0
DA:180,0
DA:184,0
DA:185,0
DA:188,0
DA:189,0
DA:190,0
DA:191,0
DA:194,0
DA:196,0
DA:197,0
DA:199,0
DA:200,0
DA:201,0
DA:202,0
DA:207,0
DA:208,0
DA:209,0
DA:210,0
DA:211,0
DA:214,0
DA:217,0
DA:218,0
DA:224,7
DA:226,7
DA:227,0
DA:228,0
DA:229,0
DA:231,7
LF:89
LH:12
end_of_record
SF:lib/providers/helpers.dart
DA:20,9
DA:27,9
DA:29,9
DA:31,12
DA:34,1
DA:37,9
DA:38,9
DA:39,9
DA:40,9
DA:41,18
LF:10
LH:10
end_of_record
SF:lib/providers/base_provider.dart
DA:35,9
DA:36,18
DA:37,14
DA:41,8
DA:42,24
DA:46,3
DA:48,7
DA:50,3
DA:51,9
DA:52,6
DA:57,2
DA:58,0
DA:62,3
DA:66,1
DA:67,3
DA:69,1
DA:70,3
DA:72,2
DA:74,1
DA:78,2
DA:79,0
DA:82,2
DA:86,0
DA:87,0
DA:89,0
DA:90,0
DA:92,0
DA:94,0
DA:98,0
DA:99,0
DA:102,0
DA:106,4
DA:107,4
DA:109,12
DA:111,4
DA:112,12
DA:113,8
DA:118,8
DA:119,0
LF:39
LH:27
end_of_record
SF:lib/providers/body_weight.dart
DA:30,3
DA:32,3
DA:34,2
DA:35,4
DA:39,0
DA:40,0
DA:44,1
DA:45,2
DA:48,0
DA:49,0
DA:52,0
DA:54,0
DA:55,0
DA:60,1
DA:62,4
DA:63,1
DA:64,2
DA:65,2
DA:68,1
DA:69,1
DA:70,1
DA:73,1
DA:75,4
DA:76,1
DA:77,2
DA:78,2
DA:79,1
DA:84,0
DA:85,0
DA:86,0
DA:89,2
DA:91,10
DA:92,4
DA:93,4
DA:94,2
DA:96,4
DA:102,4
DA:103,0
DA:104,0
DA:105,0
LF:40
LH:27
end_of_record
SF:lib/providers/exercises.dart
DA:37,4
DA:39,4
DA:57,0
DA:58,0
DA:62,1
DA:63,5
DA:66,0
DA:67,0
DA:69,0
DA:70,0
DA:77,0
DA:78,0
DA:80,0
DA:81,0
DA:88,0
DA:89,0
DA:91,0
DA:92,0
DA:104,0
DA:106,0
DA:107,0
DA:110,0
DA:111,0
DA:112,0
DA:113,0
DA:114,0
DA:115,0
DA:116,0
DA:117,0
DA:122,0
DA:124,0
DA:125,0
DA:126,0
DA:127,0
DA:128,0
DA:129,0
DA:130,0
DA:131,0
DA:132,0
DA:138,0
DA:139,0
DA:140,0
DA:141,0
DA:145,0
DA:148,0
DA:149,0
DA:150,0
DA:151,0
DA:152,0
DA:153,0
DA:154,0
DA:156,0
DA:158,0
DA:159,0
DA:160,0
DA:161,0
DA:170,1
DA:171,2
DA:172,0
DA:176,3
DA:177,1
DA:179,1
DA:181,1
DA:182,3
DA:183,2
DA:188,2
DA:189,2
DA:193,0
DA:194,0
DA:195,0
LF:70
LH:14
end_of_record
SF:lib/providers/gallery.dart
DA:35,0
DA:37,0
DA:40,0
DA:41,0
DA:47,0
DA:48,0
DA:50,0
DA:51,0
DA:52,0
DA:55,0
DA:58,0
DA:60,0
DA:61,0
DA:62,0
DA:63,0
DA:65,0
DA:66,0
DA:67,0
DA:69,0
DA:70,0
DA:72,0
DA:73,0
DA:75,0
DA:78,0
DA:79,0
DA:80,0
DA:81,0
DA:82,0
DA:87,0
DA:91,0
DA:92,0
DA:93,0
DA:94,0
DA:96,0
DA:97,0
DA:98,0
DA:99,0
DA:101,0
DA:104,0
DA:105,0
DA:106,0
DA:108,0
LF:42
LH:0
end_of_record
SF:lib/providers/measurement.dart
DA:34,1
DA:37,2
DA:40,1
DA:41,2
DA:45,1
DA:46,2
DA:47,3
DA:48,2
DA:53,1
DA:55,2
DA:56,3
DA:57,1
DA:58,2
DA:59,2
DA:62,1
DA:63,1
DA:67,1
DA:68,1
DA:69,2
DA:72,5
DA:73,3
DA:74,1
DA:75,2
DA:76,2
DA:78,1
DA:79,2
DA:80,2
DA:81,1
DA:85,0
DA:86,0
DA:87,0
DA:91,1
DA:92,2
DA:94,4
DA:95,1
DA:96,2
DA:97,6
DA:98,1
DA:102,1
DA:103,1
DA:104,2
DA:105,2
DA:106,1
DA:109,3
DA:110,1
DA:111,2
DA:112,1
DA:119,1
DA:120,1
DA:121,2
DA:122,1
DA:124,3
DA:125,1
DA:126,2
DA:129,3
DA:130,2
DA:131,2
DA:132,1
DA:136,1
DA:137,2
DA:139,4
DA:140,1
DA:142,2
DA:144,2
DA:145,6
DA:146,1
DA:150,1
DA:151,1
DA:153,1
DA:154,2
DA:156,2
DA:157,1
DA:160,3
DA:161,1
DA:162,2
DA:163,1
DA:171,1
DA:178,1
DA:179,1
DA:180,2
DA:181,1
DA:188,6
DA:190,1
DA:191,2
DA:192,2
DA:193,1
LF:86
LH:83
end_of_record
SF:lib/providers/nutrition.dart
DA:48,2
DA:50,2
DA:52,1
DA:53,2
DA:57,0
DA:58,0
DA:59,0
DA:64,0
DA:65,0
DA:66,0
DA:70,1
DA:71,2
DA:74,0
DA:75,0
DA:77,0
DA:79,0
DA:86,0
DA:87,0
DA:88,0
DA:89,0
DA:90,0
DA:91,0
DA:93,0
DA:97,0
DA:98,0
DA:99,0
DA:100,0
DA:108,1
DA:109,3
DA:110,0
DA:111,0
DA:112,0
DA:114,0
DA:119,1
DA:122,1
DA:123,1
DA:124,2
DA:128,0
DA:131,0
DA:132,0
DA:133,0
DA:134,0
DA:136,0
DA:137,0
DA:138,0
DA:139,0
DA:141,0
DA:142,0
DA:144,0
DA:147,0
DA:150,0
DA:154,0
DA:155,0
DA:156,0
DA:157,0
DA:158,0
DA:159,0
DA:163,0
DA:164,0
DA:165,0
DA:168,1
DA:169,5
DA:170,2
DA:171,2
DA:172,1
DA:174,2
DA:176,2
DA:177,0
DA:178,0
DA:179,0
DA:185,0
DA:186,0
DA:187,0
DA:189,0
DA:190,0
DA:191,0
DA:197,0
DA:198,0
DA:199,0
DA:201,0
DA:206,0
DA:208,0
DA:209,0
DA:210,0
DA:211,0
DA:212,0
DA:215,0
DA:216,0
DA:217,0
DA:218,0
DA:219,0
DA:224,0
DA:225,0
DA:227,0
DA:228,0
DA:229,0
DA:230,0
DA:236,0
DA:238,0
DA:239,0
DA:240,0
DA:241,0
DA:242,0
DA:245,0
DA:246,0
DA:247,0
DA:248,0
DA:249,0
DA:256,0
DA:260,0
DA:264,0
DA:265,0
DA:266,0
DA:267,0
DA:269,0
DA:270,0
DA:271,0
DA:272,0
DA:273,0
DA:280,0
DA:282,0
DA:283,0
DA:284,0
DA:285,0
DA:286,0
DA:287,0
DA:293,0
DA:294,0
DA:295,0
DA:296,0
DA:298,0
DA:303,0
DA:304,0
DA:305,0
DA:309,0
DA:310,0
DA:312,0
DA:314,0
DA:315,0
DA:316,0
DA:321,0
DA:322,0
DA:326,0
DA:330,0
DA:331,0
DA:332,0
DA:333,0
DA:335,0
DA:336,0
DA:337,0
DA:339,0
DA:343,0
DA:344,0
DA:345,0
DA:346,0
DA:348,0
DA:349,0
DA:350,0
DA:351,0
DA:355,0
DA:356,0
DA:358,0
DA:359,0
DA:360,0
DA:364,0
DA:366,0
DA:367,0
DA:370,0
DA:371,0
DA:372,0
DA:373,0
DA:374,0
DA:375,0
DA:377,0
LF:174
LH:19
end_of_record
SF:lib/screens/form_screen.dart
DA:41,4
DA:53,4
DA:56,12
DA:58,4
DA:59,4
DA:60,12
DA:61,4
DA:62,1
DA:63,1
DA:64,1
DA:66,3
DA:69,3
DA:70,3
DA:71,3
DA:72,3
LF:15
LH:15
end_of_record
SF:lib/theme/theme.dart
DA:47,0
LF:1
LH:0
end_of_record
SF:lib/screens/measurement_categories_screen.dart
DA:30,1
DA:32,1
DA:33,1
DA:34,3
DA:36,1
DA:38,0
DA:39,0
DA:42,0
DA:43,0
DA:44,0
DA:49,1
DA:50,2
LF:12
LH:7
end_of_record
SF:lib/widgets/measurements/categories.dart
DA:30,1
DA:32,1
DA:34,1
DA:36,2
DA:37,1
DA:38,2
DA:40,1
DA:41,1
DA:42,1
DA:43,1
DA:45,1
DA:46,1
DA:47,3
DA:50,1
DA:54,1
DA:55,1
DA:56,5
DA:57,1
DA:58,1
DA:62,1
DA:64,1
DA:65,1
DA:66,3
DA:67,0
DA:68,0
DA:71,0
DA:74,1
DA:75,0
DA:76,0
DA:79,0
DA:80,0
DA:81,0
LF:32
LH:24
end_of_record
SF:lib/widgets/measurements/forms.dart
DA:37,0
DA:40,0
DA:41,0
DA:42,0
DA:45,0
DA:46,0
DA:49,0
DA:51,0
DA:52,0
DA:53,0
DA:54,0
DA:56,0
DA:57,0
DA:58,0
DA:59,0
DA:61,0
DA:62,0
DA:63,0
DA:65,0
DA:66,0
DA:67,0
DA:74,0
DA:75,0
DA:76,0
DA:77,0
DA:79,0
DA:80,0
DA:81,0
DA:83,0
DA:84,0
DA:85,0
DA:90,0
DA:91,0
DA:92,0
DA:94,0
DA:98,0
DA:102,0
DA:103,0
DA:104,0
DA:105,0
DA:106,0
DA:107,0
DA:110,0
DA:111,0
DA:112,0
DA:113,0
DA:115,0
DA:117,0
DA:135,0
DA:136,0
DA:138,0
DA:139,0
DA:145,0
DA:146,0
DA:147,0
DA:148,0
DA:149,0
DA:152,0
DA:153,0
DA:154,0
DA:157,0
DA:159,0
DA:160,0
DA:161,0
DA:162,0
DA:163,0
DA:164,0
DA:166,0
DA:167,0
DA:169,0
DA:172,0
DA:174,0
DA:175,0
DA:176,0
DA:179,0
DA:181,0
DA:188,0
DA:190,0
DA:191,0
DA:193,0
DA:194,0
DA:195,0
DA:201,0
DA:202,0
DA:203,0
DA:205,0
DA:206,0
DA:207,0
DA:210,0
DA:212,0
DA:216,0
DA:217,0
DA:221,0
DA:222,0
DA:223,0
DA:224,0
DA:225,0
DA:227,0
DA:230,0
DA:231,0
DA:237,0
DA:238,0
DA:239,0
DA:241,0
DA:245,0
DA:249,0
DA:250,0
DA:251,0
DA:252,0
DA:253,0
DA:254,0
DA:255,0
DA:256,0
DA:258,0
DA:259,0
DA:260,0
DA:261,0
DA:262,0
DA:263,0
DA:265,0
DA:266,0
DA:268,0
DA:270,0
LF:123
LH:0
end_of_record
SF:lib/screens/measurement_entries_screen.dart
DA:27,33
DA:35,1
DA:37,3
DA:38,2
DA:40,1
DA:41,1
DA:42,2
DA:43,1
DA:44,1
DA:46,0
DA:48,0
DA:49,0
DA:52,0
DA:53,0
DA:54,0
DA:59,0
DA:60,0
DA:62,0
DA:63,0
DA:64,0
DA:65,0
DA:67,0
DA:68,0
DA:69,0
DA:70,0
DA:72,0
DA:73,0
DA:74,0
DA:75,0
DA:77,0
DA:79,0
DA:80,0
DA:83,0
DA:86,0
DA:87,0
DA:88,0
DA:89,0
DA:102,0
DA:103,0
DA:104,0
DA:106,0
DA:108,0
DA:110,0
DA:117,1
DA:119,0
DA:120,0
DA:123,0
DA:124,0
DA:125,0
DA:130,1
DA:131,2
LF:51
LH:12
end_of_record
SF:lib/widgets/measurements/entries.dart
DA:34,1
DA:36,1
DA:38,2
DA:39,1
DA:40,2
DA:43,1
DA:44,8
DA:45,2
DA:48,1
DA:49,1
DA:51,3
DA:52,1
DA:53,3
DA:54,1
DA:56,1
DA:57,3
DA:58,0
DA:59,0
DA:61,0
DA:64,0
DA:65,0
DA:66,0
DA:67,0
DA:74,0
DA:76,0
DA:77,0
DA:80,0
DA:81,0
DA:82,0
DA:89,1
DA:90,2
DA:102,1
DA:115,1
DA:116,1
DA:117,6
DA:118,1
DA:119,3
DA:120,2
LF:38
LH:25
end_of_record
SF:lib/screens/weight_screen.dart
DA:31,1
DA:33,1
DA:34,3
DA:35,1
DA:37,1
DA:38,1
DA:41,1
DA:42,2
DA:43,1
DA:48,1
DA:49,2
LF:11
LH:11
end_of_record
SF:lib/widgets/core/app_bar.dart
DA:33,3
DA:35,3
DA:37,3
DA:38,6
DA:39,3
DA:40,3
DA:42,0
DA:43,0
DA:45,0
DA:46,0
DA:47,0
DA:48,0
DA:49,0
DA:50,0
DA:51,0
DA:52,0
DA:57,0
DA:59,0
DA:61,0
DA:64,0
DA:65,0
DA:66,0
DA:67,0
DA:68,0
DA:69,0
DA:70,0
DA:71,0
DA:72,0
DA:75,0
DA:86,3
LF:30
LH:7
end_of_record
SF:lib/widgets/weight/entries_list.dart
DA:31,1
DA:33,1
DA:35,1
DA:36,1
DA:37,1
DA:38,2
DA:41,1
DA:42,7
DA:44,1
DA:45,0
DA:49,1
DA:51,1
DA:52,3
DA:56,1
DA:57,1
DA:59,2
DA:60,1
DA:61,2
DA:62,1
DA:63,3
DA:64,1
DA:65,1
DA:67,2
DA:70,2
DA:71,1
DA:72,1
DA:73,2
DA:80,1
DA:82,1
DA:83,0
DA:86,0
DA:87,0
DA:88,0
DA:95,1
DA:96,2
DA:108,1
DA:121,1
DA:122,1
DA:123,3
DA:124,1
DA:125,3
DA:126,2
LF:42
LH:37
end_of_record
SF:lib/widgets/weight/forms.dart
DA:36,1
DA:37,3
DA:38,4
DA:39,5
DA:42,1
DA:44,1
DA:45,1
DA:46,1
DA:47,1
DA:49,1
DA:51,1
DA:52,2
DA:56,1
DA:57,0
DA:59,0
DA:61,0
DA:62,0
DA:63,0
DA:64,0
DA:66,0
DA:71,0
DA:77,0
DA:80,0
DA:81,0
DA:86,1
DA:87,3
DA:88,1
DA:90,0
DA:91,0
DA:93,0
DA:94,0
DA:95,0
DA:98,0
DA:100,0
DA:105,1
DA:106,3
DA:107,0
DA:109,0
DA:113,0
DA:117,0
DA:118,0
DA:119,0
DA:120,0
DA:121,0
DA:122,0
DA:123,0
DA:125,0
DA:127,0
LF:48
LH:18
end_of_record
SF:lib/widgets/core/about.dart
DA:26,0
DA:28,0
DA:30,0
DA:34,0
DA:35,0
DA:37,0
DA:39,0
DA:45,0
DA:47,0
DA:49,0
DA:51,0
DA:52,0
DA:54,0
DA:55,0
DA:63,0
DA:66,0
DA:68,0
DA:69,0
DA:71,0
DA:72,0
DA:80,0
DA:81,0
DA:84,0
DA:86,0
DA:87,0
DA:89,0
DA:90,0
DA:98,0
DA:101,0
DA:103,0
DA:104,0
DA:106,0
DA:107,0
DA:115,0
LF:34
LH:0
end_of_record
SF:lib/widgets/core/charts.dart
DA:27,3
DA:36,3
DA:38,3
DA:40,12
DA:42,3
DA:43,3
DA:44,3
DA:46,3
DA:47,6
DA:48,6
DA:49,3
DA:52,3
DA:53,3
LF:13
LH:13
end_of_record
SF:lib/screens/auth_screen.dart
DA:30,1
DA:38,0
DA:40,0
DA:41,0
DA:42,0
DA:43,0
DA:44,0
DA:45,0
DA:46,0
DA:47,0
DA:48,0
DA:49,0
DA:52,0
DA:58,0
DA:86,1
DA:88,0
DA:89,0
DA:110,0
DA:112,0
DA:113,0
DA:114,0
DA:121,0
DA:122,0
DA:123,0
DA:125,0
DA:126,0
DA:130,0
DA:131,0
DA:135,0
DA:136,0
DA:137,0
DA:142,0
DA:143,0
DA:144,0
DA:148,0
DA:149,0
DA:150,0
DA:151,0
DA:152,0
DA:155,0
DA:156,0
DA:158,0
DA:159,0
DA:160,0
DA:161,0
DA:164,0
DA:165,0
DA:166,0
DA:171,0
DA:172,0
DA:173,0
DA:177,0
DA:178,0
DA:179,0
DA:182,0
DA:183,0
DA:188,0
DA:190,0
DA:191,0
DA:192,0
DA:193,0
DA:196,0
DA:197,0
DA:199,0
DA:200,0
DA:201,0
DA:202,0
DA:203,0
DA:204,0
DA:205,0
DA:207,0
DA:208,0
DA:212,0
DA:215,0
DA:216,0
DA:217,0
DA:219,0
DA:220,0
DA:224,0
DA:225,0
DA:228,0
DA:229,0
DA:231,0
DA:233,0
DA:238,0
DA:239,0
DA:240,0
DA:244,0
DA:245,0
DA:248,0
DA:250,0
DA:253,0
DA:255,0
DA:256,0
DA:257,0
DA:261,0
DA:262,0
DA:265,0
DA:266,0
DA:269,0
DA:270,0
DA:271,0
DA:273,0
DA:274,0
DA:275,0
DA:276,0
DA:284,0
DA:285,0
DA:286,0
DA:287,0
DA:288,0
DA:290,0
DA:292,0
DA:293,0
DA:294,0
DA:296,0
DA:297,0
DA:298,0
DA:299,0
DA:302,0
DA:303,0
DA:307,0
DA:309,0
DA:310,0
DA:312,0
DA:319,0
DA:321,0
DA:322,0
DA:324,0
DA:325,0
DA:328,0
DA:334,0
DA:337,0
DA:338,0
DA:340,0
DA:342,0
DA:343,0
DA:344,0
DA:345,0
DA:346,0
DA:349,0
DA:351,0
DA:352,0
DA:353,0
DA:354,0
DA:356,0
DA:358,0
DA:359,0
DA:360,0
DA:361,0
DA:363,0
DA:364,0
DA:365,0
LF:153
LH:2
end_of_record
SF:lib/widgets/gallery/overview.dart
DA:30,1
DA:32,1
DA:34,1
DA:36,1
DA:38,1
DA:42,4
DA:43,2
DA:45,1
DA:46,1
DA:47,1
DA:48,2
DA:49,1
DA:50,3
DA:53,1
DA:54,1
DA:55,1
DA:56,3
DA:57,2
DA:58,3
DA:60,1
DA:61,2
DA:63,1
DA:65,2
DA:67,1
DA:69,1
DA:70,1
DA:72,0
DA:73,0
DA:74,0
DA:75,0
DA:77,1
DA:79,1
DA:80,1
DA:83,1
DA:84,2
DA:85,1
DA:99,1
DA:100,3
DA:102,2
LF:39
LH:35
end_of_record
SF:lib/widgets/gallery/forms.dart
DA:33,2
DA:34,3
DA:37,2
DA:38,2
DA:49,2
DA:51,2
DA:53,12
DA:54,10
DA:57,0
DA:58,0
DA:59,0
DA:61,0
DA:62,0
DA:69,2
DA:71,2
DA:72,0
DA:73,0
DA:78,6
DA:79,8
DA:83,1
DA:85,1
DA:86,4
DA:93,2
DA:95,2
DA:96,2
DA:97,2
DA:99,2
DA:100,2
DA:101,2
DA:102,0
DA:103,0
DA:105,0
DA:106,0
DA:108,0
DA:109,0
DA:110,0
DA:111,0
DA:112,0
DA:113,0
DA:116,0
DA:118,0
DA:119,0
DA:120,0
DA:121,0
DA:124,0
DA:131,2
DA:134,2
DA:136,2
DA:137,4
DA:141,2
DA:142,1
DA:144,3
DA:147,2
DA:149,3
DA:150,4
DA:151,1
DA:154,3
DA:156,1
DA:157,4
DA:159,1
DA:160,3
DA:161,0
DA:167,2
DA:169,6
DA:172,2
DA:173,1
DA:174,3
DA:177,2
DA:179,6
DA:180,1
DA:182,3
DA:186,3
DA:188,3
DA:189,0
DA:190,0
DA:191,0
DA:193,1
DA:194,4
DA:195,2
LF:79
LH:52
end_of_record
SF:lib/screens/nutritional_plan_screen.dart
DA:28,13
DA:37,1
DA:38,2
DA:41,1
DA:43,3
DA:45,1
DA:47,1
DA:49,0
DA:50,0
DA:53,0
DA:54,0
DA:55,0
DA:61,1
DA:62,1
DA:63,1
DA:66,1
DA:67,1
DA:69,0
DA:71,0
DA:72,0
DA:75,0
DA:76,0
DA:77,0
DA:82,0
DA:83,0
DA:84,0
DA:85,0
DA:88,0
DA:89,0
DA:90,0
DA:92,0
DA:95,0
DA:97,0
DA:103,1
DA:104,2
DA:111,1
DA:112,2
DA:113,1
DA:114,2
DA:115,1
DA:116,1
DA:117,1
DA:127,1
DA:128,1
DA:129,1
LF:45
LH:24
end_of_record
SF:lib/widgets/nutrition/forms.dart
DA:41,1
DA:42,1
DA:43,5
DA:44,4
DA:47,1
DA:49,1
DA:51,1
DA:52,1
DA:53,1
DA:54,1
DA:55,1
DA:57,3
DA:58,1
DA:59,0
DA:61,0
DA:64,0
DA:66,0
DA:69,0
DA:71,1
DA:72,3
DA:74,0
DA:76,1
DA:79,3
DA:80,1
DA:81,1
DA:82,2
DA:84,0
DA:86,1
DA:88,3
DA:89,1
DA:90,3
DA:93,3
DA:96,2
DA:97,1
DA:98,3
DA:99,3
DA:100,1
DA:101,0
DA:103,1
DA:105,2
DA:125,0
DA:126,0
DA:127,0
DA:130,0
DA:132,0
DA:133,0
DA:135,0
DA:136,0
DA:137,0
DA:138,0
DA:139,0
DA:140,0
DA:141,0
DA:142,0
DA:144,0
DA:145,0
DA:146,0
DA:148,0
DA:150,0
DA:152,0
DA:157,0
DA:158,0
DA:159,0
DA:160,0
DA:163,0
DA:164,0
DA:167,0
DA:168,0
DA:169,0
DA:170,0
DA:172,0
DA:174,0
DA:177,0
DA:178,0
DA:179,0
DA:182,0
DA:183,0
DA:184,0
DA:186,0
DA:187,0
DA:188,0
DA:189,0
DA:190,0
DA:191,0
DA:192,0
DA:193,0
DA:194,0
DA:195,0
DA:197,0
DA:198,0
DA:222,0
DA:223,0
DA:224,0
DA:227,0
DA:229,0
DA:230,0
DA:232,0
DA:234,0
DA:235,0
DA:236,0
DA:237,0
DA:238,0
DA:239,0
DA:240,0
DA:241,0
DA:243,0
DA:244,0
DA:245,0
DA:247,0
DA:249,0
DA:251,0
DA:256,0
DA:258,0
DA:259,0
DA:263,0
DA:264,0
DA:266,0
DA:268,0
DA:269,0
DA:270,0
DA:274,0
DA:277,0
DA:278,0
DA:281,0
DA:282,0
DA:283,0
DA:284,0
DA:287,0
DA:288,0
DA:291,0
DA:292,0
DA:293,0
DA:294,0
DA:296,0
DA:298,0
DA:301,0
DA:302,0
DA:303,0
DA:306,0
DA:307,0
DA:308,0
DA:310,0
DA:311,0
DA:312,0
DA:313,0
DA:314,0
DA:315,0
DA:316,0
DA:317,0
DA:318,0
DA:319,0
DA:321,0
DA:322,0
DA:341,2
DA:342,3
DA:343,8
DA:346,2
DA:348,2
DA:349,2
DA:350,2
DA:351,2
DA:353,2
DA:355,6
DA:356,2
DA:357,0
DA:358,1
DA:359,2
DA:362,2
DA:364,6
DA:365,1
DA:367,3
DA:371,3
DA:375,2
DA:376,4
DA:377,2
DA:379,1
DA:380,2
DA:381,0
DA:383,0
DA:388,2
DA:389,1
DA:390,0
DA:392,1
LF:183
LH:58
end_of_record
SF:lib/screens/nutritional_diary_screen.dart
DA:34,0
DA:40,0
DA:42,0
DA:44,0
DA:45,0
DA:46,0
DA:48,0
DA:49,0
DA:50,0
DA:52,0
LF:10
LH:0
end_of_record
SF:lib/widgets/nutrition/nutritional_diary_detail.dart
DA:35,1
DA:37,1
DA:42,1
DA:48,1
DA:49,1
DA:50,1
DA:51,1
DA:53,1
DA:54,2
DA:58,1
DA:59,2
DA:62,1
DA:63,2
DA:66,1
DA:67,2
DA:72,1
DA:73,1
DA:74,1
DA:76,3
DA:78,1
DA:79,5
DA:81,1
DA:82,5
DA:84,5
DA:87,1
DA:88,1
DA:89,1
DA:91,3
DA:93,6
DA:94,6
DA:95,5
DA:98,1
DA:99,1
DA:100,1
DA:102,3
DA:104,6
DA:105,6
DA:106,5
DA:109,1
DA:110,1
DA:111,1
DA:113,3
DA:115,1
DA:116,5
DA:117,6
DA:118,4
DA:119,1
DA:122,1
DA:123,1
DA:124,1
DA:126,3
DA:128,6
DA:129,6
DA:130,5
DA:133,1
DA:134,1
DA:135,1
DA:137,3
DA:139,6
DA:140,6
DA:141,5
DA:144,1
DA:145,1
DA:146,1
DA:148,3
DA:150,6
DA:151,6
DA:152,5
DA:155,1
DA:156,1
DA:157,1
DA:159,3
DA:161,6
DA:162,6
DA:163,5
DA:170,1
DA:171,2
DA:172,1
DA:174,1
DA:177,1
DA:178,1
DA:179,5
DA:183,1
DA:184,1
DA:186,1
DA:187,1
DA:188,7
DA:192,1
DA:193,1
DA:197,1
DA:198,0
DA:199,0
DA:200,0
DA:205,1
DA:208,1
DA:210,2
DA:211,3
DA:212,3
DA:218,1
DA:219,1
DA:220,1
DA:221,1
DA:222,1
DA:223,1
DA:226,1
DA:228,1
DA:230,1
DA:236,1
LF:108
LH:105
end_of_record
SF:lib/widgets/nutrition/nutritional_plan_detail.dart
DA:35,1
DA:38,1
DA:40,2
DA:41,2
DA:42,2
DA:44,0
DA:49,1
DA:50,1
DA:51,1
DA:53,2
DA:54,5
DA:55,1
DA:56,1
DA:58,1
DA:59,3
DA:60,0
DA:61,0
DA:64,0
DA:65,0
DA:66,0
DA:72,1
DA:75,1
DA:77,1
DA:79,1
DA:85,1
DA:86,1
DA:87,1
DA:88,1
DA:90,1
DA:91,2
DA:95,1
DA:96,2
DA:99,1
DA:100,2
DA:103,1
DA:104,2
DA:109,1
DA:110,1
DA:111,1
DA:113,3
DA:115,1
DA:116,3
DA:117,2
DA:123,1
DA:124,1
DA:125,1
DA:127,3
DA:129,4
DA:130,2
DA:131,3
DA:132,1
DA:135,1
DA:136,1
DA:137,1
DA:139,3
DA:141,4
DA:142,2
DA:143,3
DA:144,1
DA:147,1
DA:148,1
DA:149,1
DA:151,3
DA:153,4
DA:154,2
DA:159,1
DA:160,1
DA:161,1
DA:163,3
DA:165,4
DA:166,2
DA:167,3
DA:168,1
DA:169,0
DA:172,1
DA:173,1
DA:174,1
DA:177,3
DA:179,4
DA:180,2
DA:185,1
DA:186,1
DA:187,1
DA:189,3
DA:191,4
DA:192,2
DA:197,1
DA:198,1
DA:199,1
DA:201,3
DA:203,4
DA:204,2
DA:212,1
DA:213,1
DA:216,3
DA:218,1
DA:221,2
DA:223,1
DA:224,1
DA:225,2
DA:227,3
DA:229,1
DA:232,1
DA:233,1
DA:235,1
DA:237,1
DA:239,1
DA:240,1
DA:242,1
DA:244,1
DA:245,1
DA:246,1
DA:247,5
DA:248,1
DA:249,5
DA:250,1
DA:251,5
DA:252,1
DA:253,5
DA:257,3
DA:258,6
DA:259,1
DA:260,1
DA:275,1
DA:281,0
DA:283,0
DA:285,0
DA:287,0
DA:288,0
DA:289,0
DA:291,0
DA:293,0
DA:294,0
DA:295,0
DA:297,0
DA:298,0
DA:299,0
DA:300,0
LF:138
LH:117
end_of_record
SF:lib/widgets/core/core.dart
DA:26,3
DA:31,3
DA:33,3
DA:34,3
DA:36,3
LF:5
LH:5
end_of_record
SF:lib/widgets/nutrition/charts.dart
DA:33,2
DA:42,2
DA:44,2
DA:46,6
DA:47,0
DA:50,4
DA:51,2
DA:53,4
DA:54,4
DA:55,2
DA:56,2
DA:57,4
DA:58,4
DA:60,2
DA:61,4
DA:62,4
DA:64,2
DA:65,4
DA:66,4
DA:69,0
DA:70,0
DA:73,4
DA:74,2
DA:90,1
DA:94,1
DA:98,0
DA:100,0
DA:101,0
DA:102,0
DA:104,0
DA:105,0
DA:106,0
DA:107,0
DA:108,0
DA:109,0
DA:112,0
DA:113,0
DA:114,0
DA:115,0
DA:116,0
DA:119,0
DA:133,1
DA:136,0
DA:138,0
DA:141,0
DA:142,0
DA:144,0
DA:145,0
DA:146,0
DA:147,0
DA:151,0
DA:152,0
DA:153,0
DA:154,0
DA:155,0
DA:156,0
DA:157,0
DA:158,0
DA:159,0
DA:165,0
DA:166,0
DA:167,0
DA:169,0
DA:170,0
DA:171,0
DA:172,0
DA:173,0
DA:176,0
DA:179,0
DA:181,0
DA:183,0
DA:184,0
DA:187,0
DA:189,0
DA:190,0
DA:192,0
DA:193,0
DA:194,0
DA:195,0
DA:196,0
DA:197,0
DA:199,0
DA:200,0
DA:201,0
DA:203,0
DA:204,0
DA:205,0
DA:207,0
DA:208,0
DA:209,0
DA:211,0
DA:212,0
DA:213,0
DA:215,0
DA:216,0
DA:217,0
DA:219,0
DA:220,0
DA:221,0
DA:223,0
DA:224,0
DA:225,0
DA:231,0
DA:233,0
DA:234,0
DA:235,0
DA:237,0
DA:238,0
DA:239,0
DA:240,0
DA:242,0
DA:243,0
DA:244,0
DA:246,0
DA:247,0
DA:248,0
DA:250,0
DA:251,0
DA:252,0
DA:254,0
DA:255,0
DA:256,0
DA:258,0
DA:259,0
DA:260,0
DA:262,0
DA:263,0
DA:264,0
DA:266,0
DA:267,0
DA:268,0
DA:272,0
DA:274,0
DA:275,0
DA:276,0
DA:277,0
DA:278,0
DA:279,0
DA:281,0
DA:282,0
DA:283,0
DA:285,0
DA:286,0
DA:287,0
DA:289,0
DA:290,0
DA:291,0
DA:293,0
DA:294,0
DA:295,0
DA:297,0
DA:298,0
DA:299,0
DA:301,0
DA:302,0
DA:303,0
DA:305,0
DA:306,0
DA:307,0
LF:159
LH:23
end_of_record
SF:lib/widgets/nutrition/widgets.dart
DA:30,0
DA:32,0
DA:33,0
DA:37,0
DA:39,0
DA:40,0
DA:41,0
DA:42,0
DA:43,0
DA:47,0
DA:48,0
DA:50,0
DA:53,0
DA:54,0
DA:55,0
DA:56,0
DA:59,0
DA:62,0
DA:63,0
DA:64,0
DA:66,0
DA:67,0
DA:68,0
LF:23
LH:0
end_of_record
SF:lib/widgets/nutrition/helpers.dart
DA:24,1
DA:25,1
DA:26,2
DA:27,2
DA:28,2
DA:29,2
DA:31,2
DA:32,2
DA:33,2
DA:34,2
DA:36,2
DA:37,2
DA:38,2
DA:39,2
DA:40,4
DA:42,2
DA:43,2
DA:44,2
DA:45,2
DA:46,4
LF:20
LH:20
end_of_record
SF:lib/widgets/nutrition/meal.dart
DA:35,1
DA:40,1
DA:41,1
DA:47,0
DA:48,0
DA:49,0
DA:53,1
DA:55,1
DA:57,1
DA:58,1
DA:59,1
DA:60,5
DA:61,1
DA:62,0
DA:65,0
DA:66,0
DA:67,0
DA:69,0
DA:70,0
DA:73,0
DA:74,0
DA:75,0
DA:76,0
DA:84,0
DA:85,0
DA:90,0
DA:93,0
DA:94,0
DA:95,0
DA:96,0
DA:97,0
DA:98,0
DA:99,0
DA:107,0
DA:108,0
DA:109,0
DA:112,0
DA:113,0
DA:114,0
DA:122,1
DA:123,8
DA:124,1
DA:125,3
DA:126,0
DA:127,0
DA:130,0
DA:131,0
DA:132,0
DA:149,1
DA:151,1
DA:160,2
DA:161,2
DA:163,1
DA:165,1
DA:167,1
DA:168,1
DA:170,1
DA:172,1
DA:173,1
DA:174,1
DA:175,7
DA:178,1
DA:179,0
DA:182,0
DA:184,0
DA:185,0
DA:188,0
DA:189,0
DA:190,0
DA:191,0
DA:200,1
DA:211,1
DA:219,1
DA:221,1
DA:222,4
DA:224,1
DA:227,1
DA:229,1
DA:230,3
DA:231,1
DA:232,2
DA:233,3
DA:235,1
DA:236,1
DA:237,1
DA:238,1
DA:239,3
DA:240,3
DA:243,1
DA:245,1
DA:246,0
DA:247,0
DA:255,1
DA:259,1
DA:261,1
DA:262,1
DA:263,2
DA:273,0
DA:275,0
DA:276,0
DA:277,0
DA:278,0
DA:279,0
DA:280,0
LF:104
LH:53
end_of_record
SF:lib/screens/nutritional_plans_screen.dart
DA:31,1
DA:33,1
DA:34,3
DA:35,1
DA:37,1
DA:38,1
DA:41,1
DA:42,2
DA:43,1
DA:48,1
DA:49,2
LF:11
LH:11
end_of_record
SF:lib/widgets/nutrition/nutritional_plans_list.dart
DA:27,1
DA:29,1
DA:31,1
DA:33,3
DA:34,1
DA:35,3
DA:36,1
DA:37,3
DA:38,1
DA:40,2
DA:42,1
DA:43,1
DA:44,1
DA:45,3
DA:47,1
DA:48,1
DA:49,3
DA:50,0
DA:52,1
DA:53,1
DA:54,2
DA:55,3
DA:57,1
DA:59,3
DA:62,2
DA:65,2
DA:66,1
DA:67,1
DA:68,2
DA:80,1
DA:81,2
DA:94,1
DA:95,1
DA:96,0
DA:97,0
DA:102,2
DA:103,1
DA:104,3
DA:105,2
LF:39
LH:36
end_of_record
SF:lib/screens/gym_mode.dart
DA:28,1
DA:30,3
DA:32,1
DA:34,1
DA:35,1
DA:36,2
LF:6
LH:6
end_of_record
SF:lib/screens/workout_plan_screen.dart
DA:29,8
DA:34,8
DA:42,2
DA:43,2
DA:49,0
DA:50,0
DA:51,0
DA:55,2
DA:56,2
DA:57,2
DA:60,2
DA:61,2
DA:62,2
DA:63,4
DA:65,0
DA:66,0
DA:70,2
DA:72,6
DA:74,2
DA:75,2
DA:76,2
DA:77,2
DA:80,2
DA:81,4
DA:87,2
DA:88,2
DA:90,0
DA:92,0
DA:93,0
DA:96,0
DA:97,0
DA:98,0
DA:103,0
DA:104,0
DA:105,0
DA:106,0
DA:111,0
DA:112,0
DA:113,0
DA:115,0
DA:118,0
DA:120,0
DA:127,2
DA:128,4
DA:129,4
DA:130,2
DA:131,2
DA:132,4
DA:133,2
DA:140,2
DA:141,4
LF:51
LH:30
end_of_record
SF:lib/widgets/workouts/forms.dart
DA:41,2
DA:46,2
DA:48,4
DA:49,4
DA:50,4
DA:53,2
DA:54,2
DA:55,2
DA:56,2
DA:57,2
DA:59,6
DA:60,2
DA:61,1
DA:64,5
DA:65,0
DA:69,0
DA:70,1
DA:71,2
DA:74,2
DA:76,6
DA:79,2
DA:80,1
DA:83,2
DA:84,0
DA:88,0
DA:89,1
DA:90,2
DA:93,2
DA:95,6
DA:96,1
DA:98,3
DA:102,3
DA:105,2
DA:106,4
DA:107,2
DA:110,2
DA:111,2
DA:112,2
DA:129,1
DA:131,1
DA:132,1
DA:136,1
DA:138,1
DA:139,4
DA:140,4
DA:141,2
DA:142,2
DA:144,6
DA:145,1
DA:146,2
DA:148,0
DA:150,6
DA:163,1
DA:164,2
DA:165,4
DA:166,2
DA:167,0
DA:171,1
DA:172,1
DA:178,1
DA:180,1
DA:181,1
DA:182,1
DA:183,1
DA:184,1
DA:186,1
DA:187,2
DA:188,2
DA:191,2
DA:192,1
DA:193,3
DA:195,1
DA:198,5
DA:199,0
DA:202,4
DA:209,7
DA:210,1
DA:212,3
DA:213,1
DA:214,3
DA:217,3
DA:220,3
DA:221,2
DA:222,2
DA:223,2
DA:226,0
DA:227,0
DA:231,3
DA:232,2
DA:234,0
DA:236,0
DA:239,0
DA:240,0
DA:242,0
DA:243,0
DA:262,1
DA:263,7
DA:266,1
DA:267,1
DA:279,0
DA:280,0
DA:281,0
DA:286,0
DA:287,0
DA:288,0
DA:289,0
DA:294,0
DA:295,0
DA:297,0
DA:298,0
DA:299,0
DA:300,0
DA:301,0
DA:302,0
DA:303,0
DA:304,0
DA:305,0
DA:306,0
DA:308,0
DA:313,1
DA:315,1
DA:316,1
DA:317,1
DA:318,1
DA:319,1
DA:322,1
DA:324,1
DA:325,5
DA:326,1
DA:327,1
DA:331,3
DA:332,0
DA:333,0
DA:334,0
DA:335,0
DA:336,0
DA:340,4
DA:341,0
DA:342,0
DA:343,0
DA:344,0
DA:345,0
DA:346,0
DA:353,1
DA:355,1
DA:356,1
DA:357,1
DA:358,1
DA:360,1
DA:361,1
DA:362,1
DA:363,2
DA:365,1
DA:367,0
DA:368,0
DA:370,0
DA:371,0
DA:373,0
DA:374,0
DA:376,0
DA:379,0
DA:380,0
DA:381,0
DA:382,0
DA:383,0
DA:394,1
DA:395,2
DA:397,2
DA:400,0
DA:403,0
DA:404,0
DA:405,0
DA:406,0
DA:408,0
DA:410,0
DA:411,0
DA:412,0
DA:415,1
DA:418,0
DA:420,0
DA:421,0
DA:422,0
DA:423,0
DA:425,1
DA:427,4
DA:428,2
DA:432,0
DA:433,0
DA:434,0
DA:435,0
DA:436,0
DA:443,1
DA:444,1
DA:445,2
DA:449,1
DA:452,2
DA:453,0
DA:457,0
DA:458,0
DA:462,6
DA:463,0
DA:464,0
DA:465,0
DA:467,0
DA:469,0
DA:470,0
DA:471,0
DA:474,0
DA:475,0
DA:476,0
DA:479,0
DA:483,0
DA:485,0
DA:491,1
DA:492,1
DA:494,3
DA:495,1
DA:496,3
DA:500,0
DA:503,0
DA:506,0
DA:507,0
DA:510,0
DA:513,0
DA:514,0
DA:515,0
DA:517,0
DA:518,0
DA:522,0
DA:523,0
DA:526,0
DA:545,0
DA:552,0
DA:555,0
DA:556,0
DA:557,0
DA:558,0
DA:560,0
DA:561,0
DA:562,0
DA:564,0
DA:565,0
DA:566,0
DA:567,0
DA:569,0
DA:571,0
DA:572,0
DA:574,0
DA:577,0
DA:579,0
DA:583,0
DA:585,0
DA:586,0
DA:588,0
DA:591,0
DA:593,0
DA:597,0
DA:599,0
DA:606,0
DA:607,0
DA:611,0
DA:612,0
DA:613,0
DA:617,0
DA:619,0
DA:625,0
DA:630,0
DA:632,0
DA:633,0
DA:635,0
DA:636,0
DA:637,0
DA:638,0
DA:639,0
DA:640,0
DA:642,0
DA:644,0
DA:645,0
DA:647,0
DA:648,0
DA:654,0
DA:655,0
DA:657,0
DA:658,0
DA:659,0
DA:662,0
DA:675,0
DA:677,0
DA:679,0
DA:680,0
DA:681,0
DA:684,0
DA:686,0
DA:688,0
DA:689,0
DA:692,0
DA:696,0
DA:697,0
DA:699,0
DA:712,0
DA:714,0
DA:716,0
DA:717,0
DA:718,0
DA:721,0
DA:723,0
DA:725,0
DA:726,0
DA:729,0
DA:733,0
DA:734,0
DA:736,0
DA:754,1
DA:755,3
DA:758,2
DA:759,3
DA:760,0
DA:762,4
DA:765,0
DA:769,1
DA:770,1
DA:775,1
DA:776,1
DA:777,0
DA:779,5
DA:782,0
DA:783,0
DA:787,0
DA:788,0
DA:790,0
DA:795,1
DA:797,1
DA:799,1
DA:800,3
DA:801,1
DA:802,1
DA:803,2
DA:805,3
DA:806,2
DA:807,3
DA:808,0
DA:809,0
DA:810,0
DA:811,0
DA:827,2
DA:829,1
DA:830,1
DA:834,1
DA:836,3
DA:838,1
DA:840,3
DA:841,0
DA:842,0
DA:844,0
DA:847,1
DA:848,1
DA:849,1
DA:850,0
DA:852,0
DA:854,1
DA:864,1
DA:866,1
DA:867,1
DA:871,1
DA:873,3
DA:875,1
DA:877,3
DA:879,0
DA:880,0
DA:882,0
DA:885,1
DA:886,1
DA:887,1
DA:888,0
DA:890,0
DA:892,1
LF:376
LH:167
end_of_record
SF:lib/widgets/workouts/gym_mode.dart
DA:49,1
DA:50,2
DA:53,1
DA:54,1
DA:66,0
DA:68,0
DA:69,0
DA:72,1
DA:74,1
DA:76,4
DA:77,5
DA:84,4
DA:86,2
DA:88,4
DA:91,3
DA:92,1
DA:96,1
DA:99,1
DA:106,1
DA:107,2
DA:108,2
DA:110,1
DA:112,4
DA:114,2
DA:115,2
DA:116,2
DA:117,1
DA:120,2
DA:121,1
DA:124,1
DA:128,2
DA:129,1
DA:133,4
DA:135,1
DA:137,4
DA:145,1
DA:147,1
DA:148,1
DA:149,1
DA:150,1
DA:151,1
DA:152,2
DA:153,1
DA:155,1
DA:156,1
DA:157,1
DA:158,4
DA:159,1
DA:160,2
DA:161,1
DA:173,1
DA:175,1
DA:177,1
DA:178,1
DA:179,1
DA:180,2
DA:181,1
DA:182,1
DA:185,1
DA:186,1
DA:187,1
DA:188,3
DA:189,1
DA:190,1
DA:191,1
DA:192,3
DA:193,1
DA:194,1
DA:195,1
DA:196,2
DA:197,3
DA:199,6
DA:200,1
DA:203,1
DA:207,1
DA:211,1
DA:212,3
DA:213,0
DA:214,0
DA:218,1
DA:219,1
DA:238,1
DA:247,3
DA:248,4
DA:249,3
DA:250,4
DA:251,4
DA:252,4
DA:255,1
DA:256,1
DA:269,1
DA:271,1
DA:273,2
DA:275,3
DA:276,6
DA:279,3
DA:280,6
DA:284,1
DA:286,2
DA:287,1
DA:290,1
DA:291,1
DA:292,1
DA:293,1
DA:298,0
DA:300,0
DA:301,0
DA:302,0
DA:304,0
DA:307,1
DA:308,1
DA:309,1
DA:310,3
DA:313,1
DA:315,1
DA:316,0
DA:317,0
DA:318,0
DA:319,0
DA:321,0
DA:323,0
DA:325,0
DA:331,1
DA:336,0
DA:338,0
DA:339,0
DA:340,0
DA:347,1
DA:349,1
DA:350,1
DA:351,1
DA:356,0
DA:358,0
DA:359,0
DA:360,0
DA:361,0
DA:362,0
DA:365,0
DA:368,1
DA:369,1
DA:370,1
DA:371,3
DA:373,1
DA:375,0
DA:376,0
DA:378,0
DA:379,0
DA:380,0
DA:382,0
DA:384,0
DA:385,0
DA:386,0
DA:389,0
DA:391,0
DA:393,0
DA:399,1
DA:404,0
DA:406,0
DA:407,0
DA:408,0
DA:409,0
DA:411,0
DA:418,1
DA:419,1
DA:420,1
DA:421,1
DA:423,1
DA:424,1
DA:425,3
DA:426,4
DA:429,1
DA:430,1
DA:431,1
DA:432,2
DA:434,2
DA:437,1
DA:438,1
DA:440,1
DA:441,2
DA:443,4
DA:446,1
DA:447,1
DA:449,1
DA:450,2
DA:452,4
DA:455,4
DA:456,1
DA:457,4
DA:458,1
DA:459,1
DA:460,2
DA:461,2
DA:465,1
DA:466,1
DA:467,4
DA:475,1
DA:477,0
DA:479,0
DA:483,0
DA:484,0
DA:488,0
DA:489,0
DA:490,0
DA:491,0
DA:493,0
DA:494,0
DA:499,0
DA:503,0
DA:504,0
DA:505,0
DA:506,0
DA:508,0
DA:509,0
DA:518,1
DA:519,1
DA:520,1
DA:521,1
DA:522,3
DA:523,4
DA:526,7
DA:527,1
DA:528,2
DA:530,7
DA:532,0
DA:533,0
DA:535,0
DA:536,0
DA:539,0
DA:540,0
DA:541,0
DA:543,0
DA:544,0
DA:545,0
DA:550,1
DA:555,1
DA:556,1
DA:557,3
DA:561,1
DA:563,1
DA:564,1
DA:565,1
DA:566,3
DA:567,4
DA:569,1
DA:571,1
DA:572,0
DA:574,0
DA:575,0
DA:576,0
DA:577,0
DA:578,0
DA:579,0
DA:581,0
DA:586,0
DA:588,0
DA:591,0
DA:593,0
DA:594,0
DA:605,0
DA:608,4
DA:615,1
DA:617,1
DA:618,1
DA:619,1
DA:620,3
DA:621,2
DA:622,2
DA:624,1
DA:625,1
DA:626,3
DA:627,3
DA:631,4
DA:632,1
DA:633,3
DA:636,1
DA:637,1
DA:638,6
DA:639,1
DA:640,0
DA:642,8
DA:643,1
DA:644,1
DA:646,1
DA:648,1
DA:651,5
DA:663,1
DA:670,1
DA:672,1
DA:673,1
DA:674,1
DA:675,2
DA:676,1
DA:677,1
DA:680,1
DA:681,1
DA:683,1
DA:684,1
DA:685,3
DA:686,3
DA:689,2
DA:690,3
DA:691,1
DA:692,3
DA:695,1
DA:696,3
DA:697,0
DA:700,0
DA:702,0
DA:703,0
DA:707,3
DA:711,3
DA:723,1
DA:730,0
DA:731,0
DA:746,0
DA:748,0
DA:750,0
DA:751,0
DA:752,0
DA:753,0
DA:754,0
DA:757,0
DA:759,0
DA:760,0
DA:761,0
DA:762,0
DA:763,0
DA:764,0
DA:767,0
DA:768,0
DA:770,0
DA:771,0
DA:772,0
DA:774,0
DA:775,0
DA:788,0
DA:789,0
DA:791,0
DA:792,0
DA:793,0
DA:795,0
DA:796,0
DA:798,0
DA:803,0
DA:805,0
DA:806,0
DA:807,0
DA:810,0
DA:812,0
DA:813,0
DA:814,0
DA:817,0
DA:818,0
DA:819,0
DA:820,0
DA:821,0
DA:822,0
DA:825,0
DA:826,0
DA:827,0
DA:829,0
DA:832,0
DA:834,0
DA:838,0
DA:839,0
DA:842,0
DA:843,0
DA:845,0
DA:846,0
DA:847,0
DA:848,0
DA:849,0
DA:855,0
DA:856,0
DA:858,0
DA:859,0
DA:860,0
DA:861,0
DA:863,0
DA:866,0
DA:868,0
DA:872,0
DA:873,0
DA:876,0
DA:877,0
DA:883,0
DA:884,0
DA:885,0
DA:887,0
DA:891,0
DA:895,0
DA:896,0
DA:897,0
DA:898,0
DA:899,0
DA:901,0
DA:909,0
DA:910,0
DA:924,1
DA:926,1
DA:927,1
DA:938,1
DA:939,2
DA:940,1
DA:943,1
DA:946,2
DA:948,1
DA:949,3
DA:950,0
DA:951,0
DA:954,2
DA:955,2
DA:962,0
DA:964,0
DA:965,0
DA:968,1
DA:970,1
DA:971,1
DA:974,1
DA:976,1
DA:977,1
DA:978,1
DA:979,2
DA:980,2
DA:981,2
DA:983,1
DA:984,1
DA:985,1
DA:986,6
DA:987,4
DA:991,5
DA:1003,1
DA:1006,1
DA:1008,1
DA:1009,1
DA:1010,1
DA:1011,1
DA:1013,0
DA:1014,0
DA:1021,1
DA:1022,1
DA:1023,1
DA:1025,1
DA:1029,1
DA:1030,1
DA:1032,1
DA:1033,2
DA:1040,0
DA:1051,1
DA:1057,0
DA:1058,0
DA:1059,0
DA:1060,0
DA:1064,0
DA:1065,0
DA:1066,0
DA:1067,0
DA:1068,0
DA:1069,0
DA:1071,0
DA:1072,0
DA:1073,0
DA:1077,0
DA:1080,0
DA:1084,0
DA:1085,0
DA:1086,0
DA:1087,0
DA:1088,0
DA:1095,1
DA:1097,1
DA:1098,1
DA:1099,1
DA:1101,0
DA:1102,0
DA:1105,1
DA:1106,1
DA:1108,1
DA:1109,1
DA:1110,3
DA:1115,1
DA:1117,0
DA:1118,0
DA:1120,0
LF:484
LH:273
end_of_record
SF:lib/helpers/gym_mode.dart
DA:20,2
DA:21,2
DA:24,2
DA:25,2
DA:29,2
DA:32,3
DA:33,1
DA:37,2
DA:38,1
DA:39,1
DA:40,1
DA:50,2
DA:51,2
DA:52,3
DA:53,1
DA:54,1
DA:56,3
LF:17
LH:17
end_of_record
SF:lib/widgets/workouts/workout_logs.dart
DA:34,0
DA:36,0
DA:37,0
DA:43,0
DA:45,0
DA:46,0
DA:47,0
DA:57,0
DA:58,0
DA:59,0
DA:64,0
DA:66,0
DA:67,0
DA:68,0
DA:71,0
DA:73,0
DA:74,0
DA:78,0
DA:80,0
DA:81,0
DA:85,0
DA:87,0
DA:100,0
DA:106,0
DA:108,0
DA:109,0
DA:118,0
DA:120,0
DA:122,0
DA:123,0
DA:124,0
DA:125,0
DA:128,0
DA:130,0
DA:131,0
DA:134,0
DA:135,0
DA:136,0
DA:137,0
DA:138,0
DA:140,0
DA:141,0
DA:147,0
DA:150,0
DA:151,0
DA:154,0
DA:155,0
DA:156,0
DA:157,0
DA:158,0
DA:161,0
DA:165,0
DA:167,0
DA:168,0
DA:169,0
DA:170,0
DA:171,0
DA:172,0
DA:173,0
DA:174,0
DA:178,0
DA:183,0
DA:184,0
DA:186,0
DA:190,0
DA:191,0
DA:192,0
DA:193,0
DA:195,0
DA:196,0
DA:197,0
DA:198,0
DA:199,0
DA:201,0
LF:74
LH:0
end_of_record
SF:lib/widgets/workouts/workout_plan_detail.dart
DA:30,2
DA:32,2
DA:33,2
DA:37,2
DA:39,2
DA:40,2
DA:41,8
DA:42,1
DA:48,0
DA:49,0
DA:50,0
DA:55,8
DA:56,1
DA:58,4
DA:60,12
DA:61,2
DA:62,2
DA:63,2
DA:64,6
DA:65,0
DA:66,0
DA:69,0
DA:70,0
DA:71,0
LF:24
LH:16
end_of_record
SF:lib/widgets/exercises/exercises.dart
DA:28,1
DA:30,1
DA:32,1
DA:33,1
DA:36,1
DA:38,1
DA:39,2
DA:40,3
DA:42,4
DA:46,1
DA:47,2
DA:48,3
DA:50,3
DA:51,8
DA:52,3
DA:53,1
DA:56,1
DA:57,2
DA:58,3
DA:60,3
DA:61,8
DA:62,3
DA:63,1
DA:66,1
DA:67,2
DA:68,3
DA:70,3
DA:71,8
DA:72,3
DA:73,1
DA:76,1
DA:77,2
DA:78,3
DA:80,3
DA:81,1
LF:35
LH:35
end_of_record
SF:lib/widgets/exercises/images.dart
DA:23,1
DA:29,1
DA:31,1
DA:32,0
DA:34,0
LF:5
LH:3
end_of_record
SF:lib/widgets/workouts/charts.dart
DA:29,0
DA:35,0
DA:37,0
DA:39,0
DA:40,0
DA:41,0
DA:42,0
DA:43,0
DA:44,0
DA:45,0
DA:46,0
DA:47,0
DA:48,0
DA:49,0
DA:50,0
DA:51,0
DA:61,0
DA:62,0
DA:66,0
DA:67,0
DA:68,0
DA:72,0
DA:79,0
LF:23
LH:0
end_of_record
SF:lib/widgets/workouts/day.dart
DA:41,1
DA:48,1
DA:50,1
DA:51,1
DA:52,1
DA:53,4
DA:56,0
DA:57,0
DA:59,0
DA:60,0
DA:61,0
DA:62,0
DA:63,0
DA:64,0
DA:65,0
DA:66,0
DA:67,0
DA:76,4
DA:77,1
DA:79,1
DA:80,8
DA:90,1
DA:92,1
DA:93,1
DA:100,1
DA:102,1
DA:103,4
DA:104,2
DA:107,0
DA:108,0
DA:109,0
DA:113,1
DA:114,1
DA:115,2
DA:117,1
DA:118,1
DA:119,0
DA:123,0
DA:124,0
DA:127,1
DA:128,1
DA:129,1
DA:130,4
DA:131,1
DA:132,1
DA:133,2
DA:136,1
DA:137,1
DA:140,1
DA:141,1
DA:145,1
DA:146,0
DA:157,1
DA:159,1
DA:161,1
DA:163,1
DA:164,1
DA:165,1
DA:166,2
DA:167,1
DA:168,1
DA:170,1
DA:171,0
DA:174,0
DA:175,0
DA:176,0
DA:177,0
DA:178,0
DA:183,0
DA:184,0
DA:189,0
DA:192,0
DA:193,0
DA:195,0
DA:200,0
DA:201,0
DA:202,0
DA:205,0
DA:206,0
DA:207,0
DA:208,0
DA:209,0
DA:210,0
DA:219,1
DA:220,1
DA:224,0
DA:226,0
DA:227,0
DA:232,0
DA:233,0
DA:235,0
DA:236,0
DA:238,1
DA:239,11
DA:242,1
DA:243,3
DA:244,0
DA:245,0
DA:248,0
DA:249,0
DA:250,0
DA:270,1
DA:278,1
DA:280,1
DA:281,4
DA:283,1
DA:286,1
DA:288,1
DA:289,1
DA:290,1
DA:292,1
DA:293,1
DA:294,2
DA:295,3
DA:298,5
DA:302,1
DA:303,1
DA:304,0
DA:305,0
DA:311,1
DA:315,1
DA:317,1
DA:318,1
DA:319,2
DA:329,0
DA:331,0
DA:332,0
LF:127
LH:71
end_of_record
SF:lib/widgets/workouts/log.dart
DA:34,0
DA:36,0
DA:38,0
DA:39,0
DA:41,0
DA:42,0
DA:45,0
DA:46,0
DA:47,0
DA:49,0
DA:51,0
DA:62,0
DA:64,0
DA:65,0
DA:69,0
DA:71,0
DA:74,0
DA:76,0
DA:77,0
DA:78,0
DA:79,0
DA:80,0
DA:81,0
DA:83,0
DA:84,0
DA:85,0
DA:86,0
DA:87,0
DA:88,0
DA:89,0
DA:90,0
DA:93,0
DA:94,0
DA:95,0
DA:96,0
DA:98,0
DA:99,0
DA:100,0
DA:102,0
DA:103,0
DA:104,0
DA:110,0
DA:111,0
DA:112,0
DA:115,0
LF:45
LH:0
end_of_record
SF:lib/screens/workout_plans_screen.dart
DA:33,1
DA:35,1
DA:36,1
DA:37,2
DA:39,1
DA:41,1
DA:42,1
DA:45,1
DA:46,2
DA:47,2
DA:52,1
DA:53,2
LF:12
LH:12
end_of_record
SF:lib/widgets/workouts/workout_plans_list.dart
DA:29,1
DA:31,1
DA:33,1
DA:35,3
DA:36,1
DA:37,3
DA:38,1
DA:39,3
DA:40,1
DA:42,2
DA:44,1
DA:45,1
DA:46,1
DA:47,3
DA:49,1
DA:50,1
DA:51,3
DA:52,0
DA:54,1
DA:55,1
DA:56,2
DA:57,3
DA:59,1
DA:61,1
DA:62,2
DA:65,2
DA:68,2
DA:69,1
DA:70,1
DA:71,2
DA:83,1
DA:84,2
DA:97,1
DA:98,1
DA:99,0
DA:100,0
DA:102,0
DA:103,0
DA:105,2
DA:106,1
DA:107,3
DA:108,2
LF:42
LH:37
end_of_record
