SF:lib/models/nutrition/ingredient.dart
DA:67,1
DA:82,0
DA:83,0
LF:3
LH:1
end_of_record
SF:lib/models/nutrition/ingredient.g.dart
DA:9,0
DA:10,0
DA:26,0
DA:27,0
DA:28,0
DA:29,0
DA:30,0
DA:31,0
DA:32,0
DA:33,0
DA:34,0
DA:35,0
DA:36,0
DA:37,0
DA:41,0
DA:42,0
DA:43,0
DA:44,0
DA:45,0
DA:46,0
DA:47,0
DA:48,0
DA:49,0
DA:50,0
DA:51,0
DA:52,0
LF:26
LH:0
end_of_record
SF:lib/models/nutrition/meal.dart
DA:44,1
DA:52,1
DA:55,2
DA:57,2
DA:58,1
DA:62,0
DA:64,0
DA:67,1
DA:69,1
DA:71,2
DA:72,2
LF:11
LH:9
end_of_record
SF:lib/models/nutrition/meal.g.dart
DA:9,0
DA:10,0
DA:11,0
DA:12,0
DA:13,0
DA:15,0
DA:16,0
DA:17,0
DA:18,0
DA:19,0
LF:10
LH:0
end_of_record
SF:lib/models/nutrition/meal_item.dart
DA:50,1
DA:58,0
DA:62,0
DA:65,0
DA:67,0
DA:70,1
DA:72,1
DA:75,1
DA:77,5
DA:78,5
DA:79,5
DA:80,5
DA:81,5
DA:82,5
DA:83,5
DA:84,5
LF:16
LH:12
end_of_record
SF:lib/models/nutrition/meal_item.g.dart
DA:9,0
DA:10,0
DA:14,0
DA:15,0
DA:16,0
DA:17,0
DA:18,0
DA:19,0
DA:23,0
DA:24,0
DA:25,0
DA:26,0
DA:27,0
DA:28,0
LF:14
LH:0
end_of_record
SF:lib/models/nutrition/nutritional_plan.dart
DA:46,1
DA:53,2
DA:54,2
DA:57,1
DA:58,2
DA:59,1
DA:63,0
DA:64,0
DA:67,1
DA:69,1
DA:71,2
DA:72,2
DA:79,0
DA:80,0
DA:81,0
DA:82,0
DA:83,0
DA:85,0
DA:90,0
DA:91,0
DA:93,0
DA:94,0
DA:95,0
DA:96,0
DA:100,1
DA:101,1
DA:102,2
DA:103,7
DA:105,1
DA:106,2
DA:109,3
DA:116,0
DA:117,0
DA:118,0
DA:120,0
DA:124,0
DA:125,0
DA:126,0
DA:127,0
DA:128,0
DA:130,0
DA:131,0
DA:141,0
DA:142,0
DA:143,0
DA:144,0
DA:145,0
DA:147,0
DA:148,0
LF:49
LH:17
end_of_record
SF:lib/models/nutrition/nutritional_plan.g.dart
DA:9,0
DA:10,0
DA:14,0
DA:15,0
DA:16,0
DA:17,0
DA:21,0
DA:22,0
DA:23,0
DA:24,0
LF:10
LH:0
end_of_record
SF:lib/providers/auth.dart
DA:51,0
DA:52,0
DA:57,0
DA:58,0
DA:59,0
DA:67,0
DA:68,0
DA:72,0
DA:73,0
DA:74,0
DA:75,0
DA:79,0
DA:80,0
DA:81,0
DA:85,0
DA:86,0
DA:87,0
DA:91,0
DA:93,0
DA:94,0
DA:96,0
DA:97,0
DA:101,0
DA:108,0
DA:109,0
DA:110,0
DA:112,0
DA:113,0
DA:114,0
DA:116,0
DA:117,0
DA:119,0
DA:121,0
DA:123,0
DA:124,0
DA:127,0
DA:134,0
DA:135,0
DA:138,0
DA:139,0
DA:140,0
DA:142,0
DA:144,0
DA:146,0
DA:148,0
DA:149,0
DA:153,0
DA:154,0
DA:156,0
DA:159,0
DA:160,0
DA:161,0
DA:162,0
DA:164,0
DA:165,0
DA:168,0
DA:169,0
DA:170,0
DA:171,0
DA:178,0
DA:179,0
DA:180,0
DA:184,0
DA:185,0
DA:188,0
DA:189,0
DA:190,0
DA:191,0
DA:194,0
DA:196,0
DA:197,0
DA:199,0
DA:200,0
DA:201,0
DA:202,0
DA:207,0
DA:208,0
DA:209,0
DA:210,0
DA:211,0
DA:214,0
DA:217,0
DA:218,0
DA:224,0
DA:226,0
DA:227,0
DA:228,0
DA:229,0
DA:231,0
LF:89
LH:0
end_of_record
SF:lib/providers/nutrition.dart
DA:48,0
DA:50,0
DA:52,0
DA:53,0
DA:57,0
DA:58,0
DA:59,0
DA:64,0
DA:65,0
DA:66,0
DA:70,0
DA:71,0
DA:74,0
DA:75,0
DA:77,0
DA:79,0
DA:86,0
DA:87,0
DA:88,0
DA:89,0
DA:90,0
DA:91,0
DA:93,0
DA:97,0
DA:98,0
DA:99,0
DA:100,0
DA:108,0
DA:109,0
DA:110,0
DA:111,0
DA:112,0
DA:114,0
DA:119,0
DA:122,0
DA:123,0
DA:124,0
DA:128,0
DA:131,0
DA:132,0
DA:133,0
DA:134,0
DA:136,0
DA:137,0
DA:138,0
DA:139,0
DA:141,0
DA:142,0
DA:144,0
DA:147,0
DA:150,0
DA:154,0
DA:155,0
DA:156,0
DA:157,0
DA:158,0
DA:159,0
DA:163,0
DA:164,0
DA:165,0
DA:168,0
DA:169,0
DA:170,0
DA:171,0
DA:172,0
DA:174,0
DA:176,0
DA:177,0
DA:178,0
DA:179,0
DA:185,0
DA:186,0
DA:187,0
DA:189,0
DA:190,0
DA:191,0
DA:197,0
DA:198,0
DA:199,0
DA:201,0
DA:206,0
DA:208,0
DA:209,0
DA:210,0
DA:211,0
DA:212,0
DA:215,0
DA:216,0
DA:217,0
DA:218,0
DA:219,0
DA:224,0
DA:225,0
DA:227,0
DA:228,0
DA:229,0
DA:230,0
DA:236,0
DA:238,0
DA:239,0
DA:240,0
DA:241,0
DA:242,0
DA:245,0
DA:246,0
DA:247,0
DA:248,0
DA:249,0
DA:256,0
DA:260,0
DA:264,0
DA:265,0
DA:266,0
DA:267,0
DA:269,0
DA:270,0
DA:271,0
DA:272,0
DA:273,0
DA:280,0
DA:282,0
DA:283,0
DA:284,0
DA:285,0
DA:286,0
DA:287,0
DA:293,0
DA:294,0
DA:295,0
DA:296,0
DA:298,0
DA:303,0
DA:304,0
DA:305,0
DA:309,0
DA:310,0
DA:312,0
DA:314,0
DA:315,0
DA:316,0
DA:321,0
DA:322,0
DA:326,0
DA:330,0
DA:331,0
DA:332,0
DA:333,0
DA:335,0
DA:336,0
DA:337,0
DA:339,0
DA:343,0
DA:344,0
DA:345,0
DA:346,0
DA:348,0
DA:349,0
DA:350,0
DA:351,0
DA:355,0
DA:356,0
DA:358,0
DA:359,0
DA:360,0
DA:364,0
DA:366,0
DA:367,0
DA:370,0
DA:371,0
DA:372,0
DA:373,0
DA:374,0
DA:375,0
DA:377,0
LF:174
LH:0
end_of_record
SF:lib/models/nutrition/log.dart
DA:59,0
DA:70,1
DA:71,2
DA:72,2
DA:73,2
DA:74,1
DA:75,2
DA:79,0
DA:80,0
DA:83,1
DA:85,1
DA:89,2
DA:91,5
DA:92,5
DA:93,5
DA:94,5
DA:95,5
DA:96,5
DA:97,5
DA:98,5
LF:20
LH:17
end_of_record
SF:lib/models/nutrition/log.g.dart
DA:9,0
DA:10,0
DA:14,0
DA:15,0
DA:16,0
DA:17,0
DA:18,0
DA:19,0
DA:20,0
DA:21,0
DA:22,0
DA:26,0
DA:27,0
DA:28,0
DA:29,0
DA:30,0
DA:31,0
DA:32,0
DA:33,0
DA:34,0
LF:20
LH:0
end_of_record
SF:lib/widgets/nutrition/charts.dart
DA:33,1
DA:42,0
DA:44,0
DA:46,0
DA:47,0
DA:50,0
DA:51,0
DA:53,0
DA:54,0
DA:55,0
DA:56,0
DA:57,0
DA:58,0
DA:60,0
DA:61,0
DA:62,0
DA:64,0
DA:65,0
DA:66,0
DA:69,0
DA:70,0
DA:73,0
DA:74,0
DA:90,0
DA:94,0
DA:98,0
DA:100,0
DA:101,0
DA:102,0
DA:104,0
DA:105,0
DA:106,0
DA:107,0
DA:108,0
DA:109,0
DA:112,0
DA:113,0
DA:114,0
DA:115,0
DA:116,0
DA:119,0
DA:133,1
DA:136,1
DA:138,1
DA:141,1
DA:142,4
DA:144,4
DA:145,4
DA:146,1
DA:147,1
DA:151,1
DA:152,3
DA:153,3
DA:154,3
DA:155,3
DA:156,3
DA:157,3
DA:158,3
DA:159,3
DA:165,1
DA:166,1
DA:167,4
DA:169,4
DA:170,5
DA:171,1
DA:172,1
DA:173,1
DA:176,1
DA:179,1
DA:181,1
DA:183,4
DA:184,1
DA:187,1
DA:189,1
DA:190,1
DA:192,2
DA:193,2
DA:194,1
DA:195,1
DA:196,2
DA:197,3
DA:199,1
DA:200,2
DA:201,3
DA:203,1
DA:204,2
DA:205,3
DA:207,1
DA:208,2
DA:209,3
DA:211,1
DA:212,2
DA:213,3
DA:215,1
DA:216,2
DA:217,3
DA:219,1
DA:220,2
DA:221,3
DA:223,1
DA:224,2
DA:225,3
DA:231,1
DA:233,2
DA:234,2
DA:235,1
DA:237,1
DA:238,1
DA:239,2
DA:240,1
DA:242,1
DA:243,2
DA:244,1
DA:246,1
DA:247,2
DA:248,1
DA:250,1
DA:251,2
DA:252,1
DA:254,1
DA:255,2
DA:256,1
DA:258,1
DA:259,2
DA:260,1
DA:262,1
DA:263,2
DA:264,1
DA:266,1
DA:267,2
DA:268,1
DA:272,1
DA:274,2
DA:275,2
DA:276,1
DA:277,1
DA:278,2
DA:279,1
DA:281,1
DA:282,2
DA:283,1
DA:285,1
DA:286,2
DA:287,1
DA:289,1
DA:290,2
DA:291,1
DA:293,1
DA:294,2
DA:295,1
DA:297,1
DA:298,2
DA:299,1
DA:301,1
DA:302,2
DA:303,1
DA:305,1
DA:306,2
DA:307,1
LF:159
LH:119
end_of_record
SF:lib/widgets/nutrition/helpers.dart
DA:24,0
DA:25,0
DA:26,0
DA:27,0
DA:28,0
DA:29,0
DA:31,0
DA:32,0
DA:33,0
DA:34,0
DA:36,0
DA:37,0
DA:38,0
DA:39,0
DA:40,0
DA:42,0
DA:43,0
DA:44,0
DA:45,0
DA:46,0
LF:20
LH:0
end_of_record
SF:lib/helpers/consts.dart
DA:58,0
LF:1
LH:0
end_of_record
SF:lib/helpers/json.dart
DA:22,0
DA:23,0
DA:26,0
DA:31,0
DA:38,0
DA:42,0
DA:49,0
DA:51,0
DA:52,0
DA:59,0
DA:63,0
LF:11
LH:0
end_of_record
SF:lib/models/nutrition/ingredient_weight_unit.dart
DA:42,0
DA:51,0
DA:52,0
DA:53,0
LF:4
LH:0
end_of_record
SF:lib/models/nutrition/ingredient_weight_unit.g.dart
DA:9,0
DA:10,0
DA:14,0
DA:15,0
DA:16,0
DA:17,0
DA:18,0
DA:19,0
DA:23,0
DA:24,0
DA:25,0
DA:26,0
DA:27,0
DA:28,0
DA:29,0
LF:15
LH:0
end_of_record
SF:lib/models/nutrition/weight_unit.dart
DA:31,0
DA:37,0
DA:38,0
LF:3
LH:0
end_of_record
SF:lib/models/nutrition/weight_unit.g.dart
DA:9,0
DA:10,0
DA:14,0
DA:15,0
DA:16,0
DA:20,0
DA:21,0
DA:22,0
LF:8
LH:0
end_of_record
SF:lib/models/nutrition/nutritional_values.dart
DA:31,1
DA:33,1
DA:45,0
DA:46,0
DA:49,1
DA:50,3
DA:51,3
DA:52,3
DA:53,3
DA:54,3
DA:55,3
DA:56,3
DA:57,3
DA:60,1
DA:61,1
DA:62,3
DA:63,3
DA:64,3
DA:65,3
DA:66,3
DA:67,3
DA:68,3
DA:69,3
DA:73,0
DA:76,0
DA:77,0
DA:78,0
DA:79,0
DA:80,0
DA:81,0
DA:82,0
DA:83,0
DA:84,0
DA:87,1
DA:89,9
DA:92,0
DA:94,0
DA:95,0
DA:103,0
LF:39
LH:23
end_of_record
SF:lib/theme/theme.dart
DA:47,0
LF:1
LH:0
end_of_record
SF:lib/widgets/core/core.dart
DA:26,0
DA:31,0
DA:33,0
DA:34,0
DA:36,0
LF:5
LH:0
end_of_record
SF:lib/exceptions/http_exception.dart
DA:27,0
DA:29,0
DA:32,0
DA:34,0
DA:37,0
DA:40,0
DA:42,0
LF:7
LH:0
end_of_record
SF:lib/providers/helpers.dart
DA:20,0
DA:27,0
DA:29,0
DA:31,0
DA:34,0
DA:37,0
DA:38,0
DA:39,0
DA:40,0
DA:41,0
LF:10
LH:0
end_of_record
SF:lib/providers/base_provider.dart
DA:35,0
DA:36,0
DA:37,0
DA:41,0
DA:42,0
DA:46,0
DA:48,0
DA:50,0
DA:51,0
DA:52,0
DA:57,0
DA:58,0
DA:62,0
DA:66,0
DA:67,0
DA:69,0
DA:70,0
DA:72,0
DA:74,0
DA:78,0
DA:79,0
DA:82,0
DA:86,0
DA:87,0
DA:89,0
DA:90,0
DA:92,0
DA:94,0
DA:98,0
DA:99,0
DA:102,0
DA:106,0
DA:107,0
DA:109,0
DA:111,0
DA:112,0
DA:113,0
DA:118,0
DA:119,0
LF:39
LH:0
end_of_record
